[0.010s] Invoking command in '/home/kacper/Documents/projspec/projspec_ws/build/proj_spec': CMAKE_PREFIX_PATH=/opt/ros/rolling /usr/bin/cmake --build /home/kacper/Documents/projspec/projspec_ws/build/proj_spec -- -j16 -l16
[0.034s] [35m[1mConsolidate compiler generated dependencies of target talker[0m
[0.044s] [ 50%] [32mBuilding CXX object CMakeFiles/talker.dir/src/publisher_member_function.cpp.o[0m
[0.349s] In file included from [01m[K/home/kacper/Documents/projspec/projspec_ws/src/proj_spec/src/recObstacle.hh:1[m[K,
[0.349s]                  from [01m[K/home/kacper/Documents/projspec/projspec_ws/src/proj_spec/src/world.hh:4[m[K,
[0.349s]                  from [01m[K/home/kacper/Documents/projspec/projspec_ws/src/proj_spec/src/nodes.hh:3[m[K,
[0.349s]                  from [01m[K/home/kacper/Documents/projspec/projspec_ws/src/proj_spec/src/publisher_member_function.cpp:24[m[K:
[0.349s] [01m[K/home/kacper/Documents/projspec/projspec_ws/src/proj_spec/src/obstacle.hh:[m[K In member function â€˜[01m[Kvirtual bool obstacle::checkCollision(float, float)[m[Kâ€™:
[0.349s] [01m[K/home/kacper/Documents/projspec/projspec_ws/src/proj_spec/src/obstacle.hh:9:39:[m[K [01;35m[Kwarning: [m[Kunused parameter â€˜[01m[Kx[m[Kâ€™ [[01;35m[K]8;;https://gcc.gnu.org/onlinedocs/gcc/Warning-Options.html#index-Wunused-parameter-Wunused-parameter]8;;[m[K]
[0.349s]     9 |     bool virtual checkCollision([01;35m[Kfloat x[m[K, float y)
[0.349s]       |                                 [01;35m[K~~~~~~^[m[K
[0.349s] [01m[K/home/kacper/Documents/projspec/projspec_ws/src/proj_spec/src/obstacle.hh:9:48:[m[K [01;35m[Kwarning: [m[Kunused parameter â€˜[01m[Ky[m[Kâ€™ [[01;35m[K]8;;https://gcc.gnu.org/onlinedocs/gcc/Warning-Options.html#index-Wunused-parameter-Wunused-parameter]8;;[m[K]
[0.349s]     9 |     bool virtual checkCollision(float x, [01;35m[Kfloat y[m[K)
[0.349s]       |                                          [01;35m[K~~~~~~^[m[K
[1.464s] [01m[K/home/kacper/Documents/projspec/projspec_ws/src/proj_spec/src/publisher_member_function.cpp:[m[K In member function â€˜[01m[Kvoid RobotSteering::topic_callback(const Odometry&) const[m[Kâ€™:
[1.464s] [01m[K/home/kacper/Documents/projspec/projspec_ws/src/proj_spec/src/publisher_member_function.cpp:239:35:[m[K [01;31m[Kerror: [m[Kâ€˜[01m[Kclass std::vector<std::pair<float, float> >[m[Kâ€™ has no member named â€˜[01m[Kpop[m[Kâ€™
[1.464s]   239 |         tmpPair = Nodes.finalPath.[01;31m[Kpop[m[K()
[1.464s]       |                                   [01;31m[K^~~[m[K
[1.465s] [01m[K/home/kacper/Documents/projspec/projspec_ws/src/proj_spec/src/publisher_member_function.cpp:[m[K In member function â€˜[01m[Kvoid RobotSteering::topic_callback_pose(const TFMessage&) const[m[Kâ€™:
[1.465s] [01m[K/home/kacper/Documents/projspec/projspec_ws/src/proj_spec/src/publisher_member_function.cpp:417:44:[m[K [01;31m[Kerror: [m[Kno match for â€˜[01m[Koperator=[m[Kâ€™ (operand types are â€˜[01m[Kstd::pair<float, float>[m[Kâ€™ and â€˜[01m[Kvoid[m[Kâ€™)
[1.465s]   417 |         tmpPair = Nodes.finalPath.pop_back([01;31m[K)[m[K
[1.465s]       |                                            [01;31m[K^[m[K
[1.465s] In file included from [01m[K/usr/include/c++/11/utility:70[m[K,
[1.465s]                  from [01m[K/usr/include/c++/11/tuple:38[m[K,
[1.465s]                  from [01m[K/usr/include/c++/11/functional:54[m[K,
[1.466s]                  from [01m[K/home/kacper/Documents/projspec/projspec_ws/src/proj_spec/src/publisher_member_function.cpp:16[m[K:
[1.466s] [01m[K/usr/include/c++/11/bits/stl_pair.h:418:9:[m[K [01;36m[Knote: [m[Kcandidate: â€˜[01m[Ktemplate<class _U1, class _U2> typename std::enable_if<std::__and_<std::is_assignable<_T1&, const _U1&>, std::is_assignable<_T2&, const _U2&> >::value, std::pair<_T1, _T2>&>::type std::pair<_T1, _T2>::operator=(const std::pair<_U1, _U2>&) [with _U1 = _U1; _U2 = _U2; _T1 = float; _T2 = float][m[Kâ€™
[1.466s]   418 |         [01;36m[Koperator[m[K=(const pair<_U1, _U2>& __p)
[1.466s]       |         [01;36m[K^~~~~~~~[m[K
[1.466s] [01m[K/usr/include/c++/11/bits/stl_pair.h:418:9:[m[K [01;36m[Knote: [m[K  template argument deduction/substitution failed:
[1.466s] [01m[K/home/kacper/Documents/projspec/projspec_ws/src/proj_spec/src/publisher_member_function.cpp:417:44:[m[K [01;36m[Knote: [m[K  mismatched types â€˜[01m[Kconst std::pair<_T1, _T2>[m[Kâ€™ and â€˜[01m[Kvoid[m[Kâ€™
[1.466s]   417 |         tmpPair = Nodes.finalPath.pop_back([01;36m[K)[m[K
[1.466s]       |                                            [01;36m[K^[m[K
[1.466s] In file included from [01m[K/usr/include/c++/11/utility:70[m[K,
[1.466s]                  from [01m[K/usr/include/c++/11/tuple:38[m[K,
[1.466s]                  from [01m[K/usr/include/c++/11/functional:54[m[K,
[1.466s]                  from [01m[K/home/kacper/Documents/projspec/projspec_ws/src/proj_spec/src/publisher_member_function.cpp:16[m[K:
[1.466s] [01m[K/usr/include/c++/11/bits/stl_pair.h:430:9:[m[K [01;36m[Knote: [m[Kcandidate: â€˜[01m[Ktemplate<class _U1, class _U2> typename std::enable_if<std::__and_<std::is_assignable<_T1&, _U1&&>, std::is_assignable<_T2&, _U2&&> >::value, std::pair<_T1, _T2>&>::type std::pair<_T1, _T2>::operator=(std::pair<_U1, _U2>&&) [with _U1 = _U1; _U2 = _U2; _T1 = float; _T2 = float][m[Kâ€™
[1.466s]   430 |         [01;36m[Koperator[m[K=(pair<_U1, _U2>&& __p)
[1.466s]       |         [01;36m[K^~~~~~~~[m[K
[1.466s] [01m[K/usr/include/c++/11/bits/stl_pair.h:430:9:[m[K [01;36m[Knote: [m[K  template argument deduction/substitution failed:
[1.466s] [01m[K/home/kacper/Documents/projspec/projspec_ws/src/proj_spec/src/publisher_member_function.cpp:417:44:[m[K [01;36m[Knote: [m[K  mismatched types â€˜[01m[Kstd::pair<_T1, _T2>[m[Kâ€™ and â€˜[01m[Kvoid[m[Kâ€™
[1.466s]   417 |         tmpPair = Nodes.finalPath.pop_back([01;36m[K)[m[K
[1.466s]       |                                            [01;36m[K^[m[K
[1.466s] In file included from [01m[K/usr/include/c++/11/utility:70[m[K,
[1.466s]                  from [01m[K/usr/include/c++/11/tuple:38[m[K,
[1.466s]                  from [01m[K/usr/include/c++/11/functional:54[m[K,
[1.466s]                  from [01m[K/home/kacper/Documents/projspec/projspec_ws/src/proj_spec/src/publisher_member_function.cpp:16[m[K:
[1.466s] [01m[K/usr/include/c++/11/bits/stl_pair.h:390:7:[m[K [01;36m[Knote: [m[Kcandidate: â€˜[01m[Kstd::pair<_T1, _T2>& std::pair<_T1, _T2>::operator=(typename std::conditional<std::__and_<std::is_copy_assignable<_T1>, std::is_copy_assignable<_T2> >::value, const std::pair<_T1, _T2>&, const std::__nonesuch&>::type) [with _T1 = float; _T2 = float; typename std::conditional<std::__and_<std::is_copy_assignable<_T1>, std::is_copy_assignable<_T2> >::value, const std::pair<_T1, _T2>&, const std::__nonesuch&>::type = const std::pair<float, float>&][m[Kâ€™
[1.466s]   390 |       [01;36m[Koperator[m[K=(typename conditional<
[1.466s]       |       [01;36m[K^~~~~~~~[m[K
[1.466s] [01m[K/usr/include/c++/11/bits/stl_pair.h:393:55:[m[K [01;36m[Knote: [m[K  no known conversion for argument 1 from â€˜[01m[Kvoid[m[Kâ€™ to â€˜[01m[Kstd::conditional<true, const std::pair<float, float>&, const std::__nonesuch&>::type[m[Kâ€™ {aka â€˜[01m[Kconst std::pair<float, float>&[m[Kâ€™}
[1.466s]   390 |       operator=([01;36m[Ktypename conditional<[m[K
[1.466s]       |                 [01;36m[K~~~~~~~~~~~~~~~~~~~~~[m[K                  
[1.466s]   391 | [01;36m[K                __and_<is_copy_assignable<_T1>,[m[K
[1.466s]       |                 [01;36m[K~~~~~~~~~~~~~~~~~~~~~~~~~~~~~~~[m[K        
[1.466s]   392 | [01;36m[K                       is_copy_assignable<_T2>>::value,[m[K
[1.466s]       |                        [01;36m[K~~~~~~~~~~~~~~~~~~~~~~~~~~~~~~~~[m[K
[1.466s]   393 | [01;36m[K                const pair&, const __nonesuch&>::type __p[m[K)
[1.466s]       |                 [01;36m[K~~~~~~~~~~~~~~~~~~~~~~~~~~~~~~~~~~~~~~^~~[m[K
[1.466s] [01m[K/usr/include/c++/11/bits/stl_pair.h:401:7:[m[K [01;36m[Knote: [m[Kcandidate: â€˜[01m[Kstd::pair<_T1, _T2>& std::pair<_T1, _T2>::operator=(typename std::conditional<std::__and_<std::is_move_assignable<_Tp>, std::is_move_assignable<_T2> >::value, std::pair<_T1, _T2>&&, std::__nonesuch&&>::type) [with _T1 = float; _T2 = float; typename std::conditional<std::__and_<std::is_move_assignable<_Tp>, std::is_move_assignable<_T2> >::value, std::pair<_T1, _T2>&&, std::__nonesuch&&>::type = std::pair<float, float>&&][m[Kâ€™
[1.466s]   401 |       [01;36m[Koperator[m[K=(typename conditional<
[1.466s]       |       [01;36m[K^~~~~~~~[m[K
[1.466s] [01m[K/usr/include/c++/11/bits/stl_pair.h:404:45:[m[K [01;36m[Knote: [m[K  no known conversion for argument 1 from â€˜[01m[Kvoid[m[Kâ€™ to â€˜[01m[Kstd::conditional<true, std::pair<float, float>&&, std::__nonesuch&&>::type[m[Kâ€™ {aka â€˜[01m[Kstd::pair<float, float>&&[m[Kâ€™}
[1.467s]   401 |       operator=([01;36m[Ktypename conditional<[m[K
[1.467s]       |                 [01;36m[K~~~~~~~~~~~~~~~~~~~~~[m[K        
[1.467s]   402 | [01;36m[K                __and_<is_move_assignable<_T1>,[m[K
[1.467s]       |                 [01;36m[K~~~~~~~~~~~~~~~~~~~~~~~~~~~~~~~[m[K
[1.467s]   403 | [01;36m[K                       is_move_assignable<_T2>>::value,[m[K
[1.467s]       |                        [01;36m[K~~~~~~~~~~~~~~~~~~~~~~~~~~~~~~~~[m[K
[1.467s]   404 | [01;36m[K                pair&&, __nonesuch&&>::type __p[m[K)
[1.467s]       |                 [01;36m[K~~~~~~~~~~~~~~~~~~~~~~~~~~~~^~~[m[K
[2.741s] gmake[2]: *** [CMakeFiles/talker.dir/build.make:76: CMakeFiles/talker.dir/src/publisher_member_function.cpp.o] Error 1
[2.741s] gmake[1]: *** [CMakeFiles/Makefile2:137: CMakeFiles/talker.dir/all] Error 2
[2.741s] gmake: *** [Makefile:146: all] Error 2
[2.742s] Invoked command in '/home/kacper/Documents/projspec/projspec_ws/build/proj_spec' returned '2': CMAKE_PREFIX_PATH=/opt/ros/rolling /usr/bin/cmake --build /home/kacper/Documents/projspec/projspec_ws/build/proj_spec -- -j16 -l16
