[35m[1mConsolidate compiler generated dependencies of target talker[0m
[ 50%] [32mBuilding CXX object CMakeFiles/talker.dir/src/publisher_member_function.cpp.o[0m
[01m[K/home/kacper/Documents/projspec/projspec_ws/src/proj_spec/src/publisher_member_function.cpp:[m[K In member function â€˜[01m[Kvoid RobotSteering::topic_callback(const Odometry&) const[m[Kâ€™:
[01m[K/home/kacper/Documents/projspec/projspec_ws/src/proj_spec/src/publisher_member_function.cpp:88:17:[m[K [01;35m[Kwarning: [m[Ksuggest parentheses around assignment used as truth value [[01;35m[K]8;;https://gcc.gnu.org/onlinedocs/gcc/Warning-Options.html#index-Wparentheses-Wparentheses]8;;[m[K]
   88 |       if([01;35m[KgoodPos=true[m[K)
      |          [01;35m[K~~~~~~~^~~~~[m[K
[01m[K/home/kacper/Documents/projspec/projspec_ws/src/proj_spec/src/publisher_member_function.cpp:114:15:[m[K [01;31m[Kerror: [m[Kâ€˜[01m[KgoodRot[m[Kâ€™ was not declared in this scope; did you mean â€˜[01m[KgoodPos[m[Kâ€™?
  114 |       else if([01;31m[KgoodRot[m[K&&!goodPos)
      |               [01;31m[K^~~~~~~[m[K
      |               [32m[KgoodPos[m[K
gmake[2]: *** [CMakeFiles/talker.dir/build.make:76: CMakeFiles/talker.dir/src/publisher_member_function.cpp.o] Error 1
gmake[1]: *** [CMakeFiles/Makefile2:137: CMakeFiles/talker.dir/all] Error 2
gmake: *** [Makefile:146: all] Error 2
