[0.354s] Invoking command in '/home/kacper/Documents/projspec/projspec_ws/build/proj_spec': CMAKE_PREFIX_PATH=${CMAKE_PREFIX_PATH}:/opt/ros/rolling /usr/bin/cmake --build /home/kacper/Documents/projspec/projspec_ws/build/proj_spec -- -j16 -l16
[0.372s] [35m[1mConsolidate compiler generated dependencies of target talker[0m
[0.409s] [ 50%] [32mBuilding CXX object CMakeFiles/talker.dir/src/publisher_member_function.cpp.o[0m
[1.633s] [01m[K/home/kacper/Documents/projspec/projspec_ws/src/proj_spec/src/publisher_member_function.cpp:[m[K In member function â€˜[01m[Kvoid RobotSteering::topic_callback(const Odometry&) const[m[Kâ€™:
[1.633s] [01m[K/home/kacper/Documents/projspec/projspec_ws/src/proj_spec/src/publisher_member_function.cpp:73:24:[m[K [01;31m[Kerror: [m[Kâ€˜[01m[Kctan[m[Kâ€™ was not declared in this scope; did you mean â€˜[01m[Ktan[m[Kâ€™?
[1.633s]    73 |     float targetzRot = [01;31m[Kctan[m[K(xdiff / ydiff);
[1.633s]       |                        [01;31m[K^~~~[m[K
[1.633s]       |                        [32m[Ktan[m[K
[2.974s] gmake[2]: *** [CMakeFiles/talker.dir/build.make:76: CMakeFiles/talker.dir/src/publisher_member_function.cpp.o] Error 1
[2.974s] gmake[1]: *** [CMakeFiles/Makefile2:137: CMakeFiles/talker.dir/all] Error 2
[2.974s] gmake: *** [Makefile:146: all] Error 2
[2.975s] Invoked command in '/home/kacper/Documents/projspec/projspec_ws/build/proj_spec' returned '2': CMAKE_PREFIX_PATH=${CMAKE_PREFIX_PATH}:/opt/ros/rolling /usr/bin/cmake --build /home/kacper/Documents/projspec/projspec_ws/build/proj_spec -- -j16 -l16
