[0.009s] Invoking command in '/home/kacper/Documents/projspec/projspec_ws/build/proj_spec': CMAKE_PREFIX_PATH=${CMAKE_PREFIX_PATH}:/opt/ros/rolling /usr/bin/cmake --build /home/kacper/Documents/projspec/projspec_ws/build/proj_spec -- -j16 -l16
[0.027s] [35m[1mConsolidate compiler generated dependencies of target talker[0m
[0.037s] [ 50%] [32mBuilding CXX object CMakeFiles/talker.dir/src/publisher_member_function.cpp.o[0m
[1.256s] In file included from [01m[K/opt/ros/rolling/include/rclcpp/rclcpp/client.hpp:40[m[K,
[1.256s]                  from [01m[K/opt/ros/rolling/include/rclcpp/rclcpp/callback_group.hpp:24[m[K,
[1.256s]                  from [01m[K/opt/ros/rolling/include/rclcpp/rclcpp/any_executable.hpp:20[m[K,
[1.256s]                  from [01m[K/opt/ros/rolling/include/rclcpp/rclcpp/memory_strategy.hpp:25[m[K,
[1.256s]                  from [01m[K/opt/ros/rolling/include/rclcpp/rclcpp/memory_strategies.hpp:18[m[K,
[1.256s]                  from [01m[K/opt/ros/rolling/include/rclcpp/rclcpp/executor_options.hpp:20[m[K,
[1.256s]                  from [01m[K/opt/ros/rolling/include/rclcpp/rclcpp/executor.hpp:37[m[K,
[1.256s]                  from [01m[K/opt/ros/rolling/include/rclcpp/rclcpp/executors/multi_threaded_executor.hpp:25[m[K,
[1.256s]                  from [01m[K/opt/ros/rolling/include/rclcpp/rclcpp/executors.hpp:21[m[K,
[1.256s]                  from [01m[K/opt/ros/rolling/include/rclcpp/rclcpp/rclcpp.hpp:155[m[K,
[1.256s]                  from [01m[K/home/kacper/Documents/projspec/projspec_ws/src/proj_spec/src/publisher_member_function.cpp:21[m[K:
[1.256s] [01m[K/home/kacper/Documents/projspec/projspec_ws/src/proj_spec/src/publisher_member_function.cpp:181:5:[m[K [01;31m[Kerror: [m[Kexpected unqualified-id before â€˜[01m[Kdo[m[Kâ€™
[1.256s]   181 |     [01;31m[KRCLCPP_INFO[m[K(this->get_logger(), "Current:    x: %s, y:    %s", std::to_string(x).c_str(), std::to_string(y).c_str());
[1.256s]       |     [01;31m[K^~~~~~~~~~~[m[K
[1.256s] [01m[K/home/kacper/Documents/projspec/projspec_ws/src/proj_spec/src/publisher_member_function.cpp:181:5:[m[K [01;31m[Kerror: [m[Kexpected unqualified-id before â€˜[01m[Kwhile[m[Kâ€™
[1.256s]   181 |     [01;31m[KRCLCPP_INFO[m[K(this->get_logger(), "Current:    x: %s, y:    %s", std::to_string(x).c_str(), std::to_string(y).c_str());
[1.256s]       |     [01;31m[K^~~~~~~~~~~[m[K
[1.256s] [01m[K/home/kacper/Documents/projspec/projspec_ws/src/proj_spec/src/publisher_member_function.cpp:182:5:[m[K [01;31m[Kerror: [m[Kexpected unqualified-id before â€˜[01m[Kdo[m[Kâ€™
[1.256s]   182 |     [01;31m[KRCLCPP_INFO[m[K(this->get_logger(), "Expected:   x: %s, y:    %s", std::to_string(targetX).c_str(), std::to_string(targetY).c_str());
[1.256s]       |     [01;31m[K^~~~~~~~~~~[m[K
[1.256s] [01m[K/home/kacper/Documents/projspec/projspec_ws/src/proj_spec/src/publisher_member_function.cpp:182:5:[m[K [01;31m[Kerror: [m[Kexpected unqualified-id before â€˜[01m[Kwhile[m[Kâ€™
[1.256s]   182 |     [01;31m[KRCLCPP_INFO[m[K(this->get_logger(), "Expected:   x: %s, y:    %s", std::to_string(targetX).c_str(), std::to_string(targetY).c_str());
[1.256s]       |     [01;31m[K^~~~~~~~~~~[m[K
[1.256s] [01m[K/home/kacper/Documents/projspec/projspec_ws/src/proj_spec/src/publisher_member_function.cpp:183:5:[m[K [01;31m[Kerror: [m[Kexpected unqualified-id before â€˜[01m[Kdo[m[Kâ€™
[1.256s]   183 |     [01;31m[KRCLCPP_INFO[m[K(this->get_logger(), "Calculated: x: %s, zRot: %s", std::to_string(calculatedX).c_str(), std::to_string(calculatedZ).c_str());
[1.256s]       |     [01;31m[K^~~~~~~~~~~[m[K
[1.257s] [01m[K/home/kacper/Documents/projspec/projspec_ws/src/proj_spec/src/publisher_member_function.cpp:183:5:[m[K [01;31m[Kerror: [m[Kexpected unqualified-id before â€˜[01m[Kwhile[m[Kâ€™
[1.257s]   183 |     [01;31m[KRCLCPP_INFO[m[K(this->get_logger(), "Calculated: x: %s, zRot: %s", std::to_string(calculatedX).c_str(), std::to_string(calculatedZ).c_str());
[1.257s]       |     [01;31m[K^~~~~~~~~~~[m[K
[1.257s] [01m[K/home/kacper/Documents/projspec/projspec_ws/src/proj_spec/src/publisher_member_function.cpp:184:5:[m[K [01;31m[Kerror: [m[Kexpected unqualified-id before â€˜[01m[Kdo[m[Kâ€™
[1.257s]   184 |     [01;31m[KRCLCPP_INFO[m[K(this->get_logger(), "Sent:       x: %s, zRot: %s", std::to_string(xToDrive).c_str(), std::to_string(zToRotate).c_str());
[1.257s]       |     [01;31m[K^~~~~~~~~~~[m[K
[1.257s] [01m[K/home/kacper/Documents/projspec/projspec_ws/src/proj_spec/src/publisher_member_function.cpp:184:5:[m[K [01;31m[Kerror: [m[Kexpected unqualified-id before â€˜[01m[Kwhile[m[Kâ€™
[1.257s]   184 |     [01;31m[KRCLCPP_INFO[m[K(this->get_logger(), "Sent:       x: %s, zRot: %s", std::to_string(xToDrive).c_str(), std::to_string(zToRotate).c_str());
[1.257s]       |     [01;31m[K^~~~~~~~~~~[m[K
[1.257s] [01m[K/home/kacper/Documents/projspec/projspec_ws/src/proj_spec/src/publisher_member_function.cpp:185:4:[m[K [01;31m[Kerror: [m[Kexpected â€˜[01m[K;[m[Kâ€™ after class definition
[1.257s]   185 |   }
[1.257s]       |    [01;31m[K^[m[K
[1.257s]       |    [32m[K;[m[K
[1.260s] [01m[K/home/kacper/Documents/projspec/projspec_ws/src/proj_spec/src/publisher_member_function.cpp:[m[K In constructor â€˜[01m[KRobotSteering::RobotSteering()[m[Kâ€™:
[1.260s] [01m[K/home/kacper/Documents/projspec/projspec_ws/src/proj_spec/src/publisher_member_function.cpp:50:5:[m[K [01;31m[Kerror: [m[Kâ€˜[01m[Ksubscription_[m[Kâ€™ was not declared in this scope; did you mean â€˜[01m[Krmw_subscription_t[m[Kâ€™?
[1.260s]    50 |     [01;31m[Ksubscription_[m[K = this->create_subscription<nav_msgs::msg::Odometry>(
[1.261s]       |     [01;31m[K^~~~~~~~~~~~~[m[K
[1.261s]       |     [32m[Krmw_subscription_t[m[K
[1.288s] [01m[K/home/kacper/Documents/projspec/projspec_ws/src/proj_spec/src/publisher_member_function.cpp:53:5:[m[K [01;31m[Kerror: [m[Kâ€˜[01m[Kpublisher_[m[Kâ€™ was not declared in this scope; did you mean â€˜[01m[Krmw_publisher_t[m[Kâ€™?
[1.288s]    53 |     [01;31m[Kpublisher_[m[K = this->create_publisher<geometry_msgs::msg::Twist>("/model/vehicle_blue/cmd_vel", 10);
[1.288s]       |     [01;31m[K^~~~~~~~~~[m[K
[1.288s]       |     [32m[Krmw_publisher_t[m[K
[1.292s] [01m[K/home/kacper/Documents/projspec/projspec_ws/src/proj_spec/src/publisher_member_function.cpp:54:5:[m[K [01;31m[Kerror: [m[Kâ€˜[01m[Ktimer_[m[Kâ€™ was not declared in this scope; did you mean â€˜[01m[Ktimer_t[m[Kâ€™?
[1.292s]    54 |     [01;31m[Ktimer_[m[K = this->create_wall_timer(
[1.292s]       |     [01;31m[K^~~~~~[m[K
[1.292s]       |     [32m[Ktimer_t[m[K
[1.292s] [01m[K/home/kacper/Documents/projspec/projspec_ws/src/proj_spec/src/publisher_member_function.cpp:55:41:[m[K [01;31m[Kerror: [m[Kâ€˜[01m[Ktimer_callback[m[Kâ€™ is not a member of â€˜[01m[KRobotSteering[m[Kâ€™
[1.292s]    55 |         20ms, std::bind(&RobotSteering::[01;31m[Ktimer_callback[m[K, this));
[1.292s]       |                                         [01;31m[K^~~~~~~~~~~~~~[m[K
[1.292s] [01m[K/home/kacper/Documents/projspec/projspec_ws/src/proj_spec/src/publisher_member_function.cpp:[m[K In member function â€˜[01m[Kvoid RobotSteering::topic_callback(const Odometry&) const[m[Kâ€™:
[1.292s] [01m[K/home/kacper/Documents/projspec/projspec_ws/src/proj_spec/src/publisher_member_function.cpp:88:17:[m[K [01;35m[Kwarning: [m[Ksuggest parentheses around assignment used as truth value [[01;35m[K]8;;https://gcc.gnu.org/onlinedocs/gcc/Warning-Options.html#index-Wparentheses-Wparentheses]8;;[m[K]
[1.292s]    88 |       if([01;35m[KgoodPos=true[m[K)
[1.292s]       |          [01;35m[K~~~~~~~^~~~~[m[K
[1.295s] [01m[K/home/kacper/Documents/projspec/projspec_ws/src/proj_spec/src/publisher_member_function.cpp:114:15:[m[K [01;31m[Kerror: [m[Kâ€˜[01m[KgoodRot[m[Kâ€™ was not declared in this scope; did you mean â€˜[01m[KgoodPos[m[Kâ€™?
[1.295s]   114 |       else if([01;31m[KgoodRot[m[K&&!goodPos)
[1.295s]       |               [01;31m[K^~~~~~~[m[K
[1.295s]       |               [32m[KgoodPos[m[K
[1.296s] In file included from [01m[K/opt/ros/rolling/include/rclcpp/rclcpp/client.hpp:40[m[K,
[1.296s]                  from [01m[K/opt/ros/rolling/include/rclcpp/rclcpp/callback_group.hpp:24[m[K,
[1.296s]                  from [01m[K/opt/ros/rolling/include/rclcpp/rclcpp/any_executable.hpp:20[m[K,
[1.296s]                  from [01m[K/opt/ros/rolling/include/rclcpp/rclcpp/memory_strategy.hpp:25[m[K,
[1.296s]                  from [01m[K/opt/ros/rolling/include/rclcpp/rclcpp/memory_strategies.hpp:18[m[K,
[1.296s]                  from [01m[K/opt/ros/rolling/include/rclcpp/rclcpp/executor_options.hpp:20[m[K,
[1.296s]                  from [01m[K/opt/ros/rolling/include/rclcpp/rclcpp/executor.hpp:37[m[K,
[1.296s]                  from [01m[K/opt/ros/rolling/include/rclcpp/rclcpp/executors/multi_threaded_executor.hpp:25[m[K,
[1.296s]                  from [01m[K/opt/ros/rolling/include/rclcpp/rclcpp/executors.hpp:21[m[K,
[1.296s]                  from [01m[K/opt/ros/rolling/include/rclcpp/rclcpp/rclcpp.hpp:155[m[K,
[1.296s]                  from [01m[K/home/kacper/Documents/projspec/projspec_ws/src/proj_spec/src/publisher_member_function.cpp:21[m[K:
[1.296s] [01m[K/home/kacper/Documents/projspec/projspec_ws/src/proj_spec/src/publisher_member_function.cpp:[m[K In function â€˜[01m[Kvoid Drive(float, float)[m[Kâ€™:
[1.296s] [01m[K/home/kacper/Documents/projspec/projspec_ws/src/proj_spec/src/publisher_member_function.cpp:191:17:[m[K [01;31m[Kerror: [m[Kinvalid use of â€˜[01m[Kthis[m[Kâ€™ in non-member function
[1.296s]   191 |     RCLCPP_INFO([01;31m[Kthis[m[K->get_logger(), "Publishing: Done\n");
[1.296s]       |                 [01;31m[K^~~~[m[K
[1.296s] [01m[K/home/kacper/Documents/projspec/projspec_ws/src/proj_spec/src/publisher_member_function.cpp:191:17:[m[K [01;31m[Kerror: [m[Kinvalid use of â€˜[01m[Kthis[m[Kâ€™ in non-member function
[1.296s] [01m[K/home/kacper/Documents/projspec/projspec_ws/src/proj_spec/src/publisher_member_function.cpp:191:5:[m[K [01;31m[Kerror: [m[Ktemplate argument 1 is invalid
[1.296s]   191 |     [01;31m[KRCLCPP_INFO[m[K(this->get_logger(), "Publishing: Done\n");
[1.296s]       |     [01;31m[K^~~~~~~~~~~[m[K
[1.296s] [01m[K/home/kacper/Documents/projspec/projspec_ws/src/proj_spec/src/publisher_member_function.cpp:191:5:[m[K [01;31m[Kerror: [m[Kâ€˜[01m[K<declaration error>[m[Kâ€™ is not a template [[01;31m[K]8;;https://gcc.gnu.org/onlinedocs/gcc/Warning-Options.html#index-fpermissive-fpermissive]8;;[m[K]
[1.296s]   191 |     [01;31m[KRCLCPP_INFO[m[K(this->get_logger(), "Publishing: Done\n");
[1.296s]       |     [01;31m[K^~~~~~~~~~~[m[K
[1.296s] [01m[K/home/kacper/Documents/projspec/projspec_ws/src/proj_spec/src/publisher_member_function.cpp:191:5:[m[K [01;31m[Kerror: [m[Ktemplate argument 1 is invalid
[1.296s]   191 |     [01;31m[KRCLCPP_INFO[m[K(this->get_logger(), "Publishing: Done\n");
[1.296s]       |     [01;31m[K^~~~~~~~~~~[m[K
[1.296s] [01m[K/home/kacper/Documents/projspec/projspec_ws/src/proj_spec/src/publisher_member_function.cpp:191:5:[m[K [01;31m[Kerror: [m[Kâ€˜[01m[K<declaration error>[m[Kâ€™ is not a template [[01;31m[K]8;;https://gcc.gnu.org/onlinedocs/gcc/Warning-Options.html#index-fpermissive-fpermissive]8;;[m[K]
[1.296s]   191 |     [01;31m[KRCLCPP_INFO[m[K(this->get_logger(), "Publishing: Done\n");
[1.296s]       |     [01;31m[K^~~~~~~~~~~[m[K
[1.296s] [01m[K/home/kacper/Documents/projspec/projspec_ws/src/proj_spec/src/publisher_member_function.cpp:191:5:[m[K [01;31m[Kerror: [m[Ktemplate argument 1 is invalid
[1.296s]   191 |     [01;31m[KRCLCPP_INFO[m[K(this->get_logger(), "Publishing: Done\n");
[1.297s]       |     [01;31m[K^~~~~~~~~~~[m[K
[1.297s] In file included from [01m[K/opt/ros/rolling/include/rclcpp/rclcpp/logging.hpp:24[m[K,
[1.297s]                  from [01m[K/opt/ros/rolling/include/rclcpp/rclcpp/client.hpp:40[m[K,
[1.297s]                  from [01m[K/opt/ros/rolling/include/rclcpp/rclcpp/callback_group.hpp:24[m[K,
[1.297s]                  from [01m[K/opt/ros/rolling/include/rclcpp/rclcpp/any_executable.hpp:20[m[K,
[1.297s]                  from [01m[K/opt/ros/rolling/include/rclcpp/rclcpp/memory_strategy.hpp:25[m[K,
[1.297s]                  from [01m[K/opt/ros/rolling/include/rclcpp/rclcpp/memory_strategies.hpp:18[m[K,
[1.297s]                  from [01m[K/opt/ros/rolling/include/rclcpp/rclcpp/executor_options.hpp:20[m[K,
[1.297s]                  from [01m[K/opt/ros/rolling/include/rclcpp/rclcpp/executor.hpp:37[m[K,
[1.297s]                  from [01m[K/opt/ros/rolling/include/rclcpp/rclcpp/executors/multi_threaded_executor.hpp:25[m[K,
[1.297s]                  from [01m[K/opt/ros/rolling/include/rclcpp/rclcpp/executors.hpp:21[m[K,
[1.297s]                  from [01m[K/opt/ros/rolling/include/rclcpp/rclcpp/rclcpp.hpp:155[m[K,
[1.297s]                  from [01m[K/home/kacper/Documents/projspec/projspec_ws/src/proj_spec/src/publisher_member_function.cpp:21[m[K:
[1.297s] [01m[K/home/kacper/Documents/projspec/projspec_ws/src/proj_spec/src/publisher_member_function.cpp:191:17:[m[K [01;31m[Kerror: [m[Kinvalid use of â€˜[01m[Kthis[m[Kâ€™ in non-member function
[1.297s]   191 |     RCLCPP_INFO([01;31m[Kthis[m[K->get_logger(), "Publishing: Done\n");
[1.297s]       |                 [01;31m[K^~~~[m[K
[1.297s] [01m[K/home/kacper/Documents/projspec/projspec_ws/src/proj_spec/src/publisher_member_function.cpp:191:17:[m[K [01;31m[Kerror: [m[Kinvalid use of â€˜[01m[Kthis[m[Kâ€™ in non-member function
[1.297s]   191 |     RCLCPP_INFO([01;31m[Kthis[m[K->get_logger(), "Publishing: Done\n");
[1.297s]       |                 [01;31m[K^~~~[m[K
[1.298s] [01m[K/home/kacper/Documents/projspec/projspec_ws/src/proj_spec/src/publisher_member_function.cpp:192:5:[m[K [01;31m[Kerror: [m[Kâ€˜[01m[Kpublisher_[m[Kâ€™ was not declared in this scope; did you mean â€˜[01m[Krmw_publisher_t[m[Kâ€™?
[1.298s]   192 |     [01;31m[Kpublisher_[m[K->publish(message);
[1.298s]       |     [01;31m[K^~~~~~~~~~[m[K
[1.298s]       |     [32m[Krmw_publisher_t[m[K
[1.299s] [01m[K/home/kacper/Documents/projspec/projspec_ws/src/proj_spec/src/publisher_member_function.cpp:[m[K At global scope:
[1.299s] [01m[K/home/kacper/Documents/projspec/projspec_ws/src/proj_spec/src/publisher_member_function.cpp:205:1:[m[K [01;31m[Kerror: [m[Kexpected declaration before â€˜[01m[K}[m[Kâ€™ token
[1.299s]   205 | [01;31m[K}[m[K;
[1.299s]       | [01;31m[K^[m[K
[2.486s] gmake[2]: *** [CMakeFiles/talker.dir/build.make:76: CMakeFiles/talker.dir/src/publisher_member_function.cpp.o] Error 1
[2.486s] gmake[1]: *** [CMakeFiles/Makefile2:137: CMakeFiles/talker.dir/all] Error 2
[2.486s] gmake: *** [Makefile:146: all] Error 2
[2.487s] Invoked command in '/home/kacper/Documents/projspec/projspec_ws/build/proj_spec' returned '2': CMAKE_PREFIX_PATH=${CMAKE_PREFIX_PATH}:/opt/ros/rolling /usr/bin/cmake --build /home/kacper/Documents/projspec/projspec_ws/build/proj_spec -- -j16 -l16
