[0.010s] Invoking command in '/home/kacper/Documents/projspec/projspec_ws/build/proj_spec': CMAKE_PREFIX_PATH=/opt/ros/rolling /usr/bin/cmake --build /home/kacper/Documents/projspec/projspec_ws/build/proj_spec -- -j16 -l16
[0.030s] [35m[1mConsolidate compiler generated dependencies of target talker[0m
[0.042s] [ 50%] [32mBuilding CXX object CMakeFiles/talker.dir/src/publisher_member_function.cpp.o[0m
[0.340s] In file included from [01m[K/home/kacper/Documents/projspec/projspec_ws/src/proj_spec/src/recObstacle.hh:1[m[K,
[0.340s]                  from [01m[K/home/kacper/Documents/projspec/projspec_ws/src/proj_spec/src/world.hh:4[m[K,
[0.340s]                  from [01m[K/home/kacper/Documents/projspec/projspec_ws/src/proj_spec/src/nodes.hh:3[m[K,
[0.340s]                  from [01m[K/home/kacper/Documents/projspec/projspec_ws/src/proj_spec/src/publisher_member_function.cpp:24[m[K:
[0.340s] [01m[K/home/kacper/Documents/projspec/projspec_ws/src/proj_spec/src/obstacle.hh:[m[K In member function â€˜[01m[Kvirtual bool obstacle::checkCollision(float, float)[m[Kâ€™:
[0.340s] [01m[K/home/kacper/Documents/projspec/projspec_ws/src/proj_spec/src/obstacle.hh:9:39:[m[K [01;35m[Kwarning: [m[Kunused parameter â€˜[01m[Kx[m[Kâ€™ [[01;35m[K]8;;https://gcc.gnu.org/onlinedocs/gcc/Warning-Options.html#index-Wunused-parameter-Wunused-parameter]8;;[m[K]
[0.340s]     9 |     bool virtual checkCollision([01;35m[Kfloat x[m[K, float y)
[0.340s]       |                                 [01;35m[K~~~~~~^[m[K
[0.340s] [01m[K/home/kacper/Documents/projspec/projspec_ws/src/proj_spec/src/obstacle.hh:9:48:[m[K [01;35m[Kwarning: [m[Kunused parameter â€˜[01m[Ky[m[Kâ€™ [[01;35m[K]8;;https://gcc.gnu.org/onlinedocs/gcc/Warning-Options.html#index-Wunused-parameter-Wunused-parameter]8;;[m[K]
[0.340s]     9 |     bool virtual checkCollision(float x, [01;35m[Kfloat y[m[K)
[0.340s]       |                                          [01;35m[K~~~~~~^[m[K
[1.432s] [01m[K/home/kacper/Documents/projspec/projspec_ws/src/proj_spec/src/publisher_member_function.cpp:[m[K In member function â€˜[01m[Kvoid RobotSteering::topic_callback(const Odometry&) const[m[Kâ€™:
[1.432s] [01m[K/home/kacper/Documents/projspec/projspec_ws/src/proj_spec/src/publisher_member_function.cpp:239:35:[m[K [01;31m[Kerror: [m[Kâ€˜[01m[Kclass std::vector<std::pair<float, float> >[m[Kâ€™ has no member named â€˜[01m[Kpop[m[Kâ€™
[1.432s]   239 |         tmpPair = Nodes.finalPath.[01;31m[Kpop[m[K()
[1.432s]       |                                   [01;31m[K^~~[m[K
[1.434s] [01m[K/home/kacper/Documents/projspec/projspec_ws/src/proj_spec/src/publisher_member_function.cpp:[m[K In member function â€˜[01m[Kvoid RobotSteering::topic_callback_pose(const TFMessage&) const[m[Kâ€™:
[1.434s] [01m[K/home/kacper/Documents/projspec/projspec_ws/src/proj_spec/src/publisher_member_function.cpp:417:25:[m[K [01;31m[Kerror: [m[Kâ€˜[01m[Kclass nodes[m[Kâ€™ has no member named â€˜[01m[KfianlPath[m[Kâ€™; did you mean â€˜[01m[KfinalPath[m[Kâ€™?
[1.434s]   417 |         tmpPair = Nodes.[01;31m[KfianlPath[m[K.pop()
[1.434s]       |                         [01;31m[K^~~~~~~~~[m[K
[1.434s]       |                         [32m[KfinalPath[m[K
[1.438s] [01m[K/home/kacper/Documents/projspec/projspec_ws/src/proj_spec/src/publisher_member_function.cpp:423:9:[m[K [01;31m[Kerror: [m[Kâ€˜[01m[KdistanceEnd[m[Kâ€™ was not declared in this scope; did you mean â€˜[01m[Kdistance[m[Kâ€™?
[1.438s]   423 |         [01;31m[KdistanceEnd[m[K = sqrt((ENDX - x) * (ENDX - x) + (ENDY - y) * (ENDY - y));
[1.438s]       |         [01;31m[K^~~~~~~~~~~[m[K
[1.438s]       |         [32m[Kdistance[m[K
[2.709s] gmake[2]: *** [CMakeFiles/talker.dir/build.make:76: CMakeFiles/talker.dir/src/publisher_member_function.cpp.o] Error 1
[2.709s] gmake[1]: *** [CMakeFiles/Makefile2:137: CMakeFiles/talker.dir/all] Error 2
[2.709s] gmake: *** [Makefile:146: all] Error 2
[2.711s] Invoked command in '/home/kacper/Documents/projspec/projspec_ws/build/proj_spec' returned '2': CMAKE_PREFIX_PATH=/opt/ros/rolling /usr/bin/cmake --build /home/kacper/Documents/projspec/projspec_ws/build/proj_spec -- -j16 -l16
