[35m[1mConsolidate compiler generated dependencies of target talker[0m
[ 50%] [32mBuilding CXX object CMakeFiles/talker.dir/src/publisher_member_function.cpp.o[0m
[01m[K/home/kacper/Documents/projspec/projspec_ws/src/proj_spec/src/publisher_member_function.cpp:[m[K In member function â€˜[01m[Kvoid RobotSteering::topic_callback(const Odometry&) const[m[Kâ€™:
[01m[K/home/kacper/Documents/projspec/projspec_ws/src/proj_spec/src/publisher_member_function.cpp:114:36:[m[K [01;31m[Kerror: [m[Kinvalid operands of types â€˜[01m[Kfloat[m[Kâ€™ and â€˜[01m[Kdouble[m[Kâ€™ to binary â€˜[01m[Koperator%[m[Kâ€™
  114 |     calculatedZ = [32m[K(zRot-targetzRot)[m[K[01;31m[K%[m[K[34m[K3.14[m[K;
      |                   [32m[K~~~~~~~~~~~~~~~~~[m[K[01;31m[K^[m[K[34m[K~~~~[m[K
      |                        [32m[K|[m[K            [34m[K|[m[K
      |                        [32m[Kfloat[m[K        [34m[Kdouble[m[K
gmake[2]: *** [CMakeFiles/talker.dir/build.make:76: CMakeFiles/talker.dir/src/publisher_member_function.cpp.o] Error 1
gmake[1]: *** [CMakeFiles/Makefile2:137: CMakeFiles/talker.dir/all] Error 2
gmake: *** [Makefile:146: all] Error 2
