[35m[1mConsolidate compiler generated dependencies of target talker[0m
[ 50%] [32mBuilding CXX object CMakeFiles/talker.dir/src/publisher_member_function.cpp.o[0m
[01m[K/home/kacper/Documents/projspec/projspec_ws/src/proj_spec/src/publisher_member_function.cpp:47:16:[m[K [01;31m[Kerror: [m[Kâ€˜[01m[Kconstexpr[m[Kâ€™ needed for in-class initialization of static data member â€˜[01m[Kfloat RobotSteering::targetX[m[Kâ€™ of non-integral type [[01;31m[K]8;;https://gcc.gnu.org/onlinedocs/gcc/Warning-Options.html#index-fpermissive-fpermissive]8;;[m[K]
   47 |   static float [01;31m[KtargetX[m[K=1;
      |                [01;31m[K^~~~~~~[m[K
[01m[K/home/kacper/Documents/projspec/projspec_ws/src/proj_spec/src/publisher_member_function.cpp:48:16:[m[K [01;31m[Kerror: [m[Kâ€˜[01m[Kconstexpr[m[Kâ€™ needed for in-class initialization of static data member â€˜[01m[Kfloat RobotSteering::targetY[m[Kâ€™ of non-integral type [[01;31m[K]8;;https://gcc.gnu.org/onlinedocs/gcc/Warning-Options.html#index-fpermissive-fpermissive]8;;[m[K]
   48 |   static float [01;31m[KtargetY[m[K=0.0001;
      |                [01;31m[K^~~~~~~[m[K
[01m[K/home/kacper/Documents/projspec/projspec_ws/src/proj_spec/src/publisher_member_function.cpp:49:16:[m[K [01;31m[Kerror: [m[Kâ€˜[01m[Kconstexpr[m[Kâ€™ needed for in-class initialization of static data member â€˜[01m[Kfloat RobotSteering::xToDrive[m[Kâ€™ of non-integral type [[01;31m[K]8;;https://gcc.gnu.org/onlinedocs/gcc/Warning-Options.html#index-fpermissive-fpermissive]8;;[m[K]
   49 |   static float [01;31m[KxToDrive[m[K=0;
      |                [01;31m[K^~~~~~~~[m[K
[01m[K/home/kacper/Documents/projspec/projspec_ws/src/proj_spec/src/publisher_member_function.cpp:50:16:[m[K [01;31m[Kerror: [m[Kâ€˜[01m[Kconstexpr[m[Kâ€™ needed for in-class initialization of static data member â€˜[01m[Kfloat RobotSteering::zToRotate[m[Kâ€™ of non-integral type [[01;31m[K]8;;https://gcc.gnu.org/onlinedocs/gcc/Warning-Options.html#index-fpermissive-fpermissive]8;;[m[K]
   50 |   static float [01;31m[KzToRotate[m[K=0;
      |                [01;31m[K^~~~~~~~~[m[K
gmake[2]: *** [CMakeFiles/talker.dir/build.make:76: CMakeFiles/talker.dir/src/publisher_member_function.cpp.o] Error 1
gmake[1]: *** [CMakeFiles/Makefile2:137: CMakeFiles/talker.dir/all] Error 2
gmake: *** [Makefile:146: all] Error 2
