In file included from [01m[K/home/kacper/Documents/projspec/projspec_ws/src/proj_spec/src/recObstacle.hh:1[m[K,
                 from [01m[K/home/kacper/Documents/projspec/projspec_ws/src/proj_spec/src/world.hh:4[m[K,
                 from [01m[K/home/kacper/Documents/projspec/projspec_ws/src/proj_spec/src/nodes.hh:3[m[K,
                 from [01m[K/home/kacper/Documents/projspec/projspec_ws/src/proj_spec/src/publisher_member_function.cpp:24[m[K:
[01m[K/home/kacper/Documents/projspec/projspec_ws/src/proj_spec/src/obstacle.hh:[m[K In member function â€˜[01m[Kvirtual bool obstacle::checkCollision(float, float)[m[Kâ€™:
[01m[K/home/kacper/Documents/projspec/projspec_ws/src/proj_spec/src/obstacle.hh:9:39:[m[K [01;35m[Kwarning: [m[Kunused parameter â€˜[01m[Kx[m[Kâ€™ [[01;35m[K]8;;https://gcc.gnu.org/onlinedocs/gcc/Warning-Options.html#index-Wunused-parameter-Wunused-parameter]8;;[m[K]
    9 |     bool virtual checkCollision([01;35m[Kfloat x[m[K, float y)
      |                                 [01;35m[K~~~~~~^[m[K
[01m[K/home/kacper/Documents/projspec/projspec_ws/src/proj_spec/src/obstacle.hh:9:48:[m[K [01;35m[Kwarning: [m[Kunused parameter â€˜[01m[Ky[m[Kâ€™ [[01;35m[K]8;;https://gcc.gnu.org/onlinedocs/gcc/Warning-Options.html#index-Wunused-parameter-Wunused-parameter]8;;[m[K]
    9 |     bool virtual checkCollision(float x, [01;35m[Kfloat y[m[K)
      |                                          [01;35m[K~~~~~~^[m[K
/usr/bin/ld: CMakeFiles/talker.dir/src/publisher_member_function.cpp.o: in function `findPath()':
publisher_member_function.cpp:(.text+0xa4): undefined reference to `nodes::addStart(float, float, int)'
/usr/bin/ld: publisher_member_function.cpp:(.text+0xca): undefined reference to `nodes::addEnd(float, float, int)'
/usr/bin/ld: publisher_member_function.cpp:(.text+0xe8): undefined reference to `nodes::generateNodes(int, float)'
/usr/bin/ld: publisher_member_function.cpp:(.text+0xf7): undefined reference to `nodes::findDistance()'
collect2: error: ld returned 1 exit status
gmake[2]: *** [CMakeFiles/talker.dir/build.make:200: talker] Error 1
gmake[1]: *** [CMakeFiles/Makefile2:137: CMakeFiles/talker.dir/all] Error 2
gmake: *** [Makefile:146: all] Error 2
