[0.010s] Invoking command in '/home/kacper/Documents/projspec/projspec_ws/build/proj_spec': CMAKE_PREFIX_PATH=${CMAKE_PREFIX_PATH}:/opt/ros/rolling /usr/bin/cmake --build /home/kacper/Documents/projspec/projspec_ws/build/proj_spec -- -j16 -l16
[0.028s] [35m[1mConsolidate compiler generated dependencies of target talker[0m
[0.037s] [ 50%] [32mBuilding CXX object CMakeFiles/talker.dir/src/publisher_member_function.cpp.o[0m
[1.534s] [01m[K/home/kacper/Documents/projspec/projspec_ws/src/proj_spec/src/publisher_member_function.cpp:[m[K In member function â€˜[01m[Kvoid RobotSteering::topic_callback_pose(const TFMessage&) const[m[Kâ€™:
[1.534s] [01m[K/home/kacper/Documents/projspec/projspec_ws/src/proj_spec/src/publisher_member_function.cpp:215:56:[m[K [01;31m[Kerror: [m[Kâ€˜[01m[Kconst TFMessage[m[Kâ€™ {aka â€˜[01m[Kconst struct tf2_msgs::msg::TFMessage_<std::allocator<void> >[m[Kâ€™} has no member named â€˜[01m[Ktransform[m[Kâ€™; did you mean â€˜[01m[Ktransforms[m[Kâ€™?
[1.535s]   215 |     geometry_msgs::msg::TransformStamped transform=msg.[01;31m[Ktransform[m[K[3];
[1.535s]       |                                                        [01;31m[K^~~~~~~~~[m[K
[1.535s]       |                                                        [32m[Ktransforms[m[K
[2.844s] gmake[2]: *** [CMakeFiles/talker.dir/build.make:76: CMakeFiles/talker.dir/src/publisher_member_function.cpp.o] Error 1
[2.844s] gmake[1]: *** [CMakeFiles/Makefile2:137: CMakeFiles/talker.dir/all] Error 2
[2.845s] gmake: *** [Makefile:146: all] Error 2
[2.846s] Invoked command in '/home/kacper/Documents/projspec/projspec_ws/build/proj_spec' returned '2': CMAKE_PREFIX_PATH=${CMAKE_PREFIX_PATH}:/opt/ros/rolling /usr/bin/cmake --build /home/kacper/Documents/projspec/projspec_ws/build/proj_spec -- -j16 -l16
