[35m[1mConsolidate compiler generated dependencies of target talker[0m
[ 50%] [32mBuilding CXX object CMakeFiles/talker.dir/src/publisher_member_function.cpp.o[0m
In file included from [01m[K/home/kacper/Documents/projspec/projspec_ws/src/proj_spec/src/recObstacle.hh:1[m[K,
                 from [01m[K/home/kacper/Documents/projspec/projspec_ws/src/proj_spec/src/world.hh:4[m[K,
                 from [01m[K/home/kacper/Documents/projspec/projspec_ws/src/proj_spec/src/nodes.hh:3[m[K,
                 from [01m[K/home/kacper/Documents/projspec/projspec_ws/src/proj_spec/src/publisher_member_function.cpp:24[m[K:
[01m[K/home/kacper/Documents/projspec/projspec_ws/src/proj_spec/src/obstacle.hh:[m[K In member function â€˜[01m[Kvirtual bool obstacle::checkCollision(float, float)[m[Kâ€™:
[01m[K/home/kacper/Documents/projspec/projspec_ws/src/proj_spec/src/obstacle.hh:9:39:[m[K [01;35m[Kwarning: [m[Kunused parameter â€˜[01m[Kx[m[Kâ€™ [[01;35m[K]8;;https://gcc.gnu.org/onlinedocs/gcc/Warning-Options.html#index-Wunused-parameter-Wunused-parameter]8;;[m[K]
    9 |     bool virtual checkCollision([01;35m[Kfloat x[m[K, float y)
      |                                 [01;35m[K~~~~~~^[m[K
[01m[K/home/kacper/Documents/projspec/projspec_ws/src/proj_spec/src/obstacle.hh:9:48:[m[K [01;35m[Kwarning: [m[Kunused parameter â€˜[01m[Ky[m[Kâ€™ [[01;35m[K]8;;https://gcc.gnu.org/onlinedocs/gcc/Warning-Options.html#index-Wunused-parameter-Wunused-parameter]8;;[m[K]
    9 |     bool virtual checkCollision(float x, [01;35m[Kfloat y[m[K)
      |                                          [01;35m[K~~~~~~^[m[K
[01m[K/home/kacper/Documents/projspec/projspec_ws/src/proj_spec/src/publisher_member_function.cpp:[m[K In member function â€˜[01m[Kvoid RobotSteering::topic_callback(const Odometry&) const[m[Kâ€™:
[01m[K/home/kacper/Documents/projspec/projspec_ws/src/proj_spec/src/publisher_member_function.cpp:132:7:[m[K [01;31m[Kerror: [m[Kâ€˜[01m[KFisrtPose[m[Kâ€™ was not declared in this scope; did you mean â€˜[01m[KFirstPose[m[Kâ€™?
  132 |       [01;31m[KFisrtPose[m[K=true;
      |       [01;31m[K^~~~~~~~~[m[K
      |       [32m[KFirstPose[m[K
[01m[K/home/kacper/Documents/projspec/projspec_ws/src/proj_spec/src/publisher_member_function.cpp:230:23:[m[K [01;31m[Kerror: [m[Kâ€˜[01m[Kclass nodes[m[Kâ€™ has no member named â€˜[01m[KfianlPath[m[Kâ€™; did you mean â€˜[01m[KfinalPath[m[Kâ€™?
  230 |         tmpPair=Nodes.[01;31m[KfianlPath[m[K.pop()
      |                       [01;31m[K^~~~~~~~~[m[K
      |                       [32m[KfinalPath[m[K
[01m[K/home/kacper/Documents/projspec/projspec_ws/src/proj_spec/src/publisher_member_function.cpp:236:9:[m[K [01;31m[Kerror: [m[Kâ€˜[01m[KdistanceEnd[m[Kâ€™ was not declared in this scope; did you mean â€˜[01m[Kdistance[m[Kâ€™?
  236 |         [01;31m[KdistanceEnd[m[K = sqrt((ENDX - x) * (ENDX - x) + (ENDY - y) * (ENDY - y));
      |         [01;31m[K^~~~~~~~~~~[m[K
      |         [32m[Kdistance[m[K
[01m[K/home/kacper/Documents/projspec/projspec_ws/src/proj_spec/src/publisher_member_function.cpp:[m[K In member function â€˜[01m[Kvoid RobotSteering::timer_callback()[m[Kâ€™:
[01m[K/home/kacper/Documents/projspec/projspec_ws/src/proj_spec/src/publisher_member_function.cpp:262:7:[m[K [01;31m[Kerror: [m[Kâ€˜[01m[Kreutrn[m[Kâ€™ was not declared in this scope
  262 |       [01;31m[Kreutrn[m[K;
      |       [01;31m[K^~~~~~[m[K
[01m[K/home/kacper/Documents/projspec/projspec_ws/src/proj_spec/src/publisher_member_function.cpp:[m[K In member function â€˜[01m[Kvoid RobotSteering::findPath()[m[Kâ€™:
[01m[K/home/kacper/Documents/projspec/projspec_ws/src/proj_spec/src/publisher_member_function.cpp:277:21:[m[K [01;31m[Kerror: [m[Kno matching function for call to â€˜[01m[Knodes::addStart(float&, float&)[m[Kâ€™
  277 |       [01;31m[KNodes.addStart(startX,startY)[m[K;
      |       [01;31m[K~~~~~~~~~~~~~~^~~~~~~~~~~~~~~[m[K
In file included from [01m[K/home/kacper/Documents/projspec/projspec_ws/src/proj_spec/src/publisher_member_function.cpp:24[m[K:
[01m[K/home/kacper/Documents/projspec/projspec_ws/src/proj_spec/src/nodes.hh:66:10:[m[K [01;36m[Knote: [m[Kcandidate: â€˜[01m[Kvoid nodes::addStart(float, float, int)[m[Kâ€™
   66 |     void [01;36m[KaddStart[m[K(float x, float y, int R);
      |          [01;36m[K^~~~~~~~[m[K
[01m[K/home/kacper/Documents/projspec/projspec_ws/src/proj_spec/src/nodes.hh:66:10:[m[K [01;36m[Knote: [m[K  candidate expects 3 arguments, 2 provided
[01m[K/home/kacper/Documents/projspec/projspec_ws/src/proj_spec/src/publisher_member_function.cpp:[m[K In member function â€˜[01m[Kvoid RobotSteering::topic_callback_pose(const TFMessage&) const[m[Kâ€™:
[01m[K/home/kacper/Documents/projspec/projspec_ws/src/proj_spec/src/publisher_member_function.cpp:321:7:[m[K [01;31m[Kerror: [m[Kâ€˜[01m[KFisrtPose[m[Kâ€™ was not declared in this scope; did you mean â€˜[01m[KFirstPose[m[Kâ€™?
  321 |       [01;31m[KFisrtPose[m[K=true;
      |       [01;31m[K^~~~~~~~~[m[K
      |       [32m[KFirstPose[m[K
[01m[K/home/kacper/Documents/projspec/projspec_ws/src/proj_spec/src/publisher_member_function.cpp:323:15:[m[K [01;31m[Kerror: [m[Kpassing â€˜[01m[Kconst RobotSteering[m[Kâ€™ as â€˜[01m[Kthis[m[Kâ€™ argument discards qualifiers [[01;31m[K]8;;https://gcc.gnu.org/onlinedocs/gcc/Warning-Options.html#index-fpermissive-fpermissive]8;;[m[K]
  323 |       [01;31m[KfindPath()[m[K;
      |       [01;31m[K~~~~~~~~^~[m[K
[01m[K/home/kacper/Documents/projspec/projspec_ws/src/proj_spec/src/publisher_member_function.cpp:273:8:[m[K [01;36m[Knote: [m[K  in call to â€˜[01m[Kvoid RobotSteering::findPath()[m[Kâ€™
  273 |   void [01;36m[KfindPath[m[K()
      |        [01;36m[K^~~~~~~~[m[K
[01m[K/home/kacper/Documents/projspec/projspec_ws/src/proj_spec/src/publisher_member_function.cpp:425:23:[m[K [01;31m[Kerror: [m[Kâ€˜[01m[Kclass nodes[m[Kâ€™ has no member named â€˜[01m[KfianlPath[m[Kâ€™; did you mean â€˜[01m[KfinalPath[m[Kâ€™?
  425 |         tmpPair=Nodes.[01;31m[KfianlPath[m[K.pop()
      |                       [01;31m[K^~~~~~~~~[m[K
      |                       [32m[KfinalPath[m[K
[01m[K/home/kacper/Documents/projspec/projspec_ws/src/proj_spec/src/publisher_member_function.cpp:431:9:[m[K [01;31m[Kerror: [m[Kâ€˜[01m[KdistanceEnd[m[Kâ€™ was not declared in this scope; did you mean â€˜[01m[Kdistance[m[Kâ€™?
  431 |         [01;31m[KdistanceEnd[m[K = sqrt((ENDX - x) * (ENDX - x) + (ENDY - y) * (ENDY - y));
      |         [01;31m[K^~~~~~~~~~~[m[K
      |         [32m[Kdistance[m[K
gmake[2]: *** [CMakeFiles/talker.dir/build.make:76: CMakeFiles/talker.dir/src/publisher_member_function.cpp.o] Error 1
gmake[1]: *** [CMakeFiles/Makefile2:137: CMakeFiles/talker.dir/all] Error 2
gmake: *** [Makefile:146: all] Error 2
