[0.013s] Invoking command in '/home/kacper/Documents/projspec/projspec_ws/build/proj_spec': CMAKE_PREFIX_PATH=/opt/ros/rolling /usr/bin/cmake /home/kacper/Documents/projspec/projspec_ws/src/proj_spec -DCMAKE_INSTALL_PREFIX=/home/kacper/Documents/projspec/projspec_ws/install/proj_spec
[1.139s] -- The C compiler identification is GNU 11.3.0
[1.523s] -- The CXX compiler identification is GNU 11.3.0
[1.542s] -- Detecting C compiler ABI info
[1.641s] -- Detecting C compiler ABI info - done
[1.645s] -- Check for working C compiler: /usr/bin/cc - skipped
[1.686s] -- Detecting C compile features
[1.702s] -- Detecting C compile features - done
[1.747s] -- Detecting CXX compiler ABI info
[1.871s] -- Detecting CXX compiler ABI info - done
[1.876s] -- Check for working CXX compiler: /usr/bin/c++ - skipped
[1.876s] -- Detecting CXX compile features
[1.876s] -- Detecting CXX compile features - done
[2.019s] -- Found ament_cmake: 1.5.2 (/opt/ros/rolling/share/ament_cmake/cmake)
[2.363s] -- Found Python3: /usr/bin/python3.10 (found version "3.10.6") found components: Interpreter 
[2.899s] -- Found rclcpp: 17.1.0 (/opt/ros/rolling/share/rclcpp/cmake)
[3.174s] -- Found rosidl_generator_c: 3.3.1 (/opt/ros/rolling/share/rosidl_generator_c/cmake)
[3.234s] -- Found rosidl_generator_cpp: 3.3.1 (/opt/ros/rolling/share/rosidl_generator_cpp/cmake)
[3.275s] -- Using all available rosidl_typesupport_c: rosidl_typesupport_fastrtps_c;rosidl_typesupport_introspection_c
[3.374s] -- Using all available rosidl_typesupport_cpp: rosidl_typesupport_fastrtps_cpp;rosidl_typesupport_introspection_cpp
[3.561s] -- Found rmw_implementation_cmake: 6.4.0 (/opt/ros/rolling/share/rmw_implementation_cmake/cmake)
[3.563s] -- Found rmw_fastrtps_cpp: 6.5.0 (/opt/ros/rolling/share/rmw_fastrtps_cpp/cmake)
[3.764s] -- Found OpenSSL: /usr/lib/x86_64-linux-gnu/libcrypto.so (found version "3.0.2")  
[3.788s] -- Found FastRTPS: /opt/ros/rolling/include  
[3.813s] -- Using RMW implementation 'rmw_fastrtps_cpp' as default
[3.886s] -- Looking for pthread.h
[3.967s] -- Looking for pthread.h - found
[3.967s] -- Performing Test CMAKE_HAVE_LIBC_PTHREAD
[4.070s] -- Performing Test CMAKE_HAVE_LIBC_PTHREAD - Success
[4.070s] -- Found Threads: TRUE  
[4.476s] -- Found std_msgs: 4.6.1 (/opt/ros/rolling/share/std_msgs/cmake)
[4.512s] -- Found nav_msgs: 4.6.1 (/opt/ros/rolling/share/nav_msgs/cmake)
[4.629s] -- Found ament_lint_auto: 0.13.2 (/opt/ros/rolling/share/ament_lint_auto/cmake)
[4.963s] -- Added test 'cppcheck' to perform static code analysis on C / C++ code
[4.963s] -- Configured cppcheck include dirs: 
[4.963s] -- Configured cppcheck exclude dirs and/or files: 
[4.988s] -- Added test 'lint_cmake' to check CMake code style
[5.013s] -- Added test 'uncrustify' to check C / C++ code style
[5.014s] -- Configured uncrustify additional arguments: 
[5.014s] -- Added test 'xmllint' to check XML markup files
[5.048s] -- Configuring done
[5.053s] -- Generating done
[5.054s] -- Build files have been written to: /home/kacper/Documents/projspec/projspec_ws/build/proj_spec
[5.059s] Invoked command in '/home/kacper/Documents/projspec/projspec_ws/build/proj_spec' returned '0': CMAKE_PREFIX_PATH=/opt/ros/rolling /usr/bin/cmake /home/kacper/Documents/projspec/projspec_ws/src/proj_spec -DCMAKE_INSTALL_PREFIX=/home/kacper/Documents/projspec/projspec_ws/install/proj_spec
[5.060s] Invoking command in '/home/kacper/Documents/projspec/projspec_ws/build/proj_spec': CMAKE_PREFIX_PATH=/opt/ros/rolling /usr/bin/cmake --build /home/kacper/Documents/projspec/projspec_ws/build/proj_spec -- -j16 -l16
[5.081s] [ 50%] [32mBuilding CXX object CMakeFiles/talker.dir/src/publisher_member_function.cpp.o[0m
[6.920s] [01m[K/home/kacper/Documents/projspec/projspec_ws/src/proj_spec/src/publisher_member_function.cpp:22:10:[m[K [01;31m[Kfatal error: [m[Knav_msgs/msg/Odometry: No such file or directory
[6.921s]    22 | #include [01;31m[K"nav_msgs/msg/Odometry"[m[K
[6.921s]       |          [01;31m[K^~~~~~~~~~~~~~~~~~~~~~~[m[K
[6.921s] compilation terminated.
[6.922s] gmake[2]: *** [CMakeFiles/talker.dir/build.make:76: CMakeFiles/talker.dir/src/publisher_member_function.cpp.o] Error 1
[6.922s] gmake[1]: *** [CMakeFiles/Makefile2:137: CMakeFiles/talker.dir/all] Error 2
[6.922s] gmake: *** [Makefile:146: all] Error 2
[6.923s] Invoked command in '/home/kacper/Documents/projspec/projspec_ws/build/proj_spec' returned '2': CMAKE_PREFIX_PATH=/opt/ros/rolling /usr/bin/cmake --build /home/kacper/Documents/projspec/projspec_ws/build/proj_spec -- -j16 -l16
