[01m[K/home/kacper/Documents/projspec/projspec_ws/src/proj_spec/src/publisher_member_function.cpp:[m[K In member function â€˜[01m[Kvoid RobotSteering::topic_callback(const Odometry&) const[m[Kâ€™:
[01m[K/home/kacper/Documents/projspec/projspec_ws/src/proj_spec/src/publisher_member_function.cpp:68:15:[m[K [01;31m[Kerror: [m[Kâ€˜[01m[KargetzRot[m[Kâ€™ was not declared in this scope; did you mean â€˜[01m[KtargetzRot[m[Kâ€™?
   68 |     zToRotate=[01;31m[KargetzRot[m[K-zRot;
      |               [01;31m[K^~~~~~~~~[m[K
      |               [32m[KtargetzRot[m[K
gmake[2]: *** [CMakeFiles/talker.dir/build.make:76: CMakeFiles/talker.dir/src/publisher_member_function.cpp.o] Error 1
gmake[1]: *** [CMakeFiles/Makefile2:137: CMakeFiles/talker.dir/all] Error 2
gmake: *** [Makefile:146: all] Error 2
